<?xml version="1.0" encoding="UTF-8"?>
<coverage generated="1546548377254" clover="3.2.0">
  <project timestamp="1546548377254" name="All files">
    <metrics statements="21" coveredstatements="21" conditionals="0" coveredconditionals="0" methods="1" coveredmethods="1" elements="22" coveredelements="22" complexity="0" loc="21" ncloc="21" packages="2" files="4" classes="4">
      <package name="components">
        <metrics statements="14" coveredstatements="14" conditionals="0" coveredconditionals="0" methods="0" coveredmethods="0"/>
        <file name="Header.vue" path="/Users/ryanbenson/Documents/Development/Personal/Bellwether-Vue/src/components/Header.vue">
          <metrics statements="1" coveredstatements="1" conditionals="0" coveredconditionals="0" methods="0" coveredmethods="0"/>
          <line num="11" count="1" type="stmt"/>
        </file>
        <file name="Notification.vue" path="/Users/ryanbenson/Documents/Development/Personal/Bellwether-Vue/src/components/Notification.vue">
          <metrics statements="1" coveredstatements="1" conditionals="0" coveredconditionals="0" methods="0" coveredmethods="0"/>
          <line num="15" count="7" type="stmt"/>
        </file>
        <file name="User.vue" path="/Users/ryanbenson/Documents/Development/Personal/Bellwether-Vue/src/components/User.vue">
          <metrics statements="12" coveredstatements="12" conditionals="0" coveredconditionals="0" methods="0" coveredmethods="0"/>
          <line num="14" count="2" type="stmt"/>
          <line num="15" count="2" type="stmt"/>
          <line num="16" count="2" type="stmt"/>
          <line num="26" count="5" type="stmt"/>
          <line num="36" count="5" type="stmt"/>
          <line num="38" count="5" type="stmt"/>
          <line num="39" count="2" type="stmt"/>
          <line num="40" count="2" type="stmt"/>
          <line num="41" count="2" type="stmt"/>
          <line num="42" count="2" type="stmt"/>
          <line num="43" count="2" type="stmt"/>
          <line num="44" count="2" type="stmt"/>
        </file>
      </package>
      <package name="libs">
        <metrics statements="7" coveredstatements="7" conditionals="0" coveredconditionals="0" methods="1" coveredmethods="1"/>
        <file name="http.js" path="/Users/ryanbenson/Documents/Development/Personal/Bellwether-Vue/src/libs/http.js">
          <metrics statements="7" coveredstatements="7" conditionals="0" coveredconditionals="0" methods="1" coveredmethods="1"/>
          <line num="1" count="2" type="stmt"/>
          <line num="2" count="5" type="stmt"/>
          <line num="3" count="5" type="stmt"/>
          <line num="4" count="5" type="stmt"/>
          <line num="6" count="5" type="stmt"/>
          <line num="9" count="4" type="stmt"/>
          <line num="10" count="2" type="stmt"/>
        </file>
      </package>
    </metrics>
  </project>
</coverage>
