{"/Users/ryanbenson/Documents/Development/Personal/Bellwether-Vue/src/components/Header.vue": {"path":"/Users/ryanbenson/Documents/Development/Personal/Bellwether-Vue/src/components/Header.vue","statementMap":{"0":{"start":{"line":11,"column":0},"end":{"line":null,"column":-1}}},"fnMap":{},"branchMap":{},"s":{"0":1},"f":{},"b":{}}
,"/Users/ryanbenson/Documents/Development/Personal/Bellwether-Vue/src/components/Notification.vue": {"path":"/Users/ryanbenson/Documents/Development/Personal/Bellwether-Vue/src/components/Notification.vue","statementMap":{"0":{"start":{"line":15,"column":0},"end":{"line":null,"column":-1}}},"fnMap":{},"branchMap":{},"s":{"0":7},"f":{},"b":{}}
,"/Users/ryanbenson/Documents/Development/Personal/Bellwether-Vue/src/components/User.vue": {"path":"/Users/ryanbenson/Documents/Development/Personal/Bellwether-Vue/src/components/User.vue","statementMap":{"0":{"start":{"line":14,"column":0},"end":{"line":null,"column":-1}},"1":{"start":{"line":15,"column":0},"end":{"line":null,"column":-1}},"2":{"start":{"line":16,"column":0},"end":{"line":null,"column":-1}},"3":{"start":{"line":26,"column":0},"end":{"line":null,"column":-1}},"4":{"start":{"line":36,"column":0},"end":{"line":null,"column":-1}},"5":{"start":{"line":38,"column":0},"end":{"line":null,"column":-1}},"6":{"start":{"line":39,"column":0},"end":{"line":null,"column":-1}},"7":{"start":{"line":40,"column":0},"end":{"line":null,"column":-1}},"8":{"start":{"line":41,"column":0},"end":{"line":null,"column":-1}},"9":{"start":{"line":42,"column":0},"end":{"line":null,"column":-1}},"10":{"start":{"line":43,"column":0},"end":{"line":null,"column":-1}},"11":{"start":{"line":44,"column":0},"end":{"line":null,"column":-1}}},"fnMap":{},"branchMap":{},"s":{"0":2,"1":2,"2":2,"3":5,"4":5,"5":5,"6":2,"7":2,"8":2,"9":2,"10":2,"11":2},"f":{},"b":{}}
,"/Users/ryanbenson/Documents/Development/Personal/Bellwether-Vue/src/libs/http.js": {"path":"/Users/ryanbenson/Documents/Development/Personal/Bellwether-Vue/src/libs/http.js","statementMap":{"0":{"start":{"line":1,"column":18},"end":{"line":11,"column":1}},"1":{"start":{"line":2,"column":20},"end":{"line":2,"column":21}},"2":{"start":{"line":3,"column":22},"end":{"line":3,"column":33}},"3":{"start":{"line":4,"column":14},"end":{"line":4,"column":89}},"4":{"start":{"line":6,"column":17},"end":{"line":8,"column":4}},"5":{"start":{"line":9,"column":13},"end":{"line":9,"column":34}},"6":{"start":{"line":10,"column":2},"end":{"line":10,"column":14}}},"fnMap":{"0":{"name":"(anonymous_0)","decl":{"start":{"line":1,"column":18},"end":{"line":1,"column":19}},"loc":{"start":{"line":1,"column":30},"end":{"line":11,"column":1}},"line":1}},"branchMap":{},"s":{"0":2,"1":5,"2":5,"3":5,"4":5,"5":4,"6":2},"f":{"0":5},"b":{},"_coverageSchema":"332fd63041d2c1bcb487cc26dd0d5f7d97098a6c","hash":"359e26894b5200d694e0c461e4a74fb0d19a4f57"}
}
