TN:
SF:/Users/ryanbenson/Documents/Development/Personal/Bellwether-Vue/src/components/Header.vue
FNF:0
FNH:0
DA:11,1
LF:1
LH:1
BRF:0
BRH:0
end_of_record
TN:
SF:/Users/ryanbenson/Documents/Development/Personal/Bellwether-Vue/src/components/Notification.vue
FNF:0
FNH:0
DA:15,7
LF:1
LH:1
BRF:0
BRH:0
end_of_record
TN:
SF:/Users/ryanbenson/Documents/Development/Personal/Bellwether-Vue/src/components/User.vue
FNF:0
FNH:0
DA:14,2
DA:15,2
DA:16,2
DA:26,5
DA:36,5
DA:38,5
DA:39,2
DA:40,2
DA:41,2
DA:42,2
DA:43,2
DA:44,2
LF:12
LH:12
BRF:0
BRH:0
end_of_record
TN:
SF:/Users/ryanbenson/Documents/Development/Personal/Bellwether-Vue/src/libs/http.js
FN:1,(anonymous_0)
FNF:1
FNH:1
FNDA:5,(anonymous_0)
DA:1,2
DA:2,5
DA:3,5
DA:4,5
DA:6,5
DA:9,4
DA:10,2
LF:7
LH:7
BRF:0
BRH:0
end_of_record
